<?xml version="1.0" encoding="UTF-8"?>
<!-- Generated by org.testng.reporters.JUnitReportReporter -->
<testsuite hostname="Lakshmi" failures="0" tests="3" name="com.example.Final.Demo.Spring.Project.functional.FunctionalTestSuiteTest" time="0.008" errors="0" timestamp="2025-06-13T23:33:04 CDT" skipped="0">
  <testcase classname="com.example.Final.Demo.Spring.Project.functional.FunctionalTestSuiteTest" name="testListAllProducts" time="0.000"/>
  <testcase classname="com.example.Final.Demo.Spring.Project.functional.FunctionalTestSuiteTest" name="testGetCurrentCart" time="0.000"/>
  <testcase classname="com.example.Final.Demo.Spring.Project.functional.FunctionalTestSuiteTest" name="testCheckout" time="0.008"/>
</testsuite> <!-- com.example.Final.Demo.Spring.Project.functional.FunctionalTestSuiteTest -->
